<?xml version="1.0" encoding="UTF-8"?>
<!-- Generated by org.testng.reporters.JUnitXMLReporter -->
<testsuite hostname="dmarroquin" ignored="0" name="Au_Test" tests="8" failures="1" timestamp="20 abr 2017 16:42:40 GMT" time="292.392" errors="0">
  <testcase name="verifyCreateAnAccounPage" time="5.396" classname="com.streame.tests.CreateAccountPageTest"/>
  <testcase name="verifyValidationsPage" time="242.286" classname="com.streame.tests.CreateAccountPageTest"/>
  <testcase name="verifyFirstName" time="6.663" classname="com.streame.tests.CreateAccountPageTest"/>
  <testcase name="verifyLastName" time="5.913" classname="com.streame.tests.CreateAccountPageTest"/>
  <testcase name="verifyEmail" time="6.222" classname="com.streame.tests.CreateAccountPageTest"/>
  <testcase name="verifyFailedAvatar" time="2.286" classname="com.streame.tests.CreateAccountPageTest">
    <failure type="org.openqa.selenium.NoSuchElementException" message="no such element: Unable to locate element: {&amp;quot;method&amp;quot;:&amp;quot;css selector&amp;quot;,&amp;quot;selector&amp;quot;:&amp;quot;edit-avatar.edit-avatar &amp;gt; div.alert.alert-danger&amp;quot;}
  (Session info: chrome=58.0.3029.81)
  (Driver info: chromedriver=2.28.455520 (cc17746adff54984afff480136733114c6b3704b),platform=Windows NT 10.0.14393 x86_64) (WARNING: The server did not provide any stacktrace information)
Command duration or timeout: 52 milliseconds
For documentation on this error, please visit: http://seleniumhq.org/exceptions/no_such_element.html
Build info: version: &amp;apos;3.0.0&amp;apos;, revision: &amp;apos;350cf60&amp;apos;, time: &amp;apos;2016-10-13 10:48:57 -0700&amp;apos;
System info: host: &amp;apos;dmarroquin&amp;apos;, ip: &amp;apos;192.168.1.187&amp;apos;, os.name: &amp;apos;Windows 10&amp;apos;, os.arch: &amp;apos;amd64&amp;apos;, os.version: &amp;apos;10.0&amp;apos;, java.version: &amp;apos;1.8.0_121&amp;apos;
Driver info: org.openqa.selenium.chrome.ChromeDriver
Capabilities [{applicationCacheEnabled=false, rotatable=false, mobileEmulationEnabled=false, networkConnectionEnabled=false, chrome={chromedriverVersion=2.28.455520 (cc17746adff54984afff480136733114c6b3704b), userDataDir=C:\Users\DMARRO~1\AppData\Local\Temp\scoped_dir12108_14145}, takesHeapSnapshot=true, pageLoadStrategy=normal, databaseEnabled=false, handlesAlerts=true, hasTouchScreen=false, version=58.0.3029.81, platform=XP, browserConnectionEnabled=false, nativeEvents=true, acceptSslCerts=true, locationContextEnabled=true, webStorageEnabled=true, browserName=chrome, takesScreenshot=true, javascriptEnabled=true, cssSelectorsEnabled=true, unexpectedAlertBehaviour=}]
Session ID: 93312b8d89ebc3eec6871f7fc0a67eea
*** Element info: {Using=css selector, value=edit-avatar.edit-avatar &amp;gt; div.alert.alert-danger}">
      <![CDATA[org.openqa.selenium.NoSuchElementException: no such element: Unable to locate element: {"method":"css selector","selector":"edit-avatar.edit-avatar > div.alert.alert-danger"}
  (Session info: chrome=58.0.3029.81)
  (Driver info: chromedriver=2.28.455520 (cc17746adff54984afff480136733114c6b3704b),platform=Windows NT 10.0.14393 x86_64) (WARNING: The server did not provide any stacktrace information)
Command duration or timeout: 52 milliseconds
For documentation on this error, please visit: http://seleniumhq.org/exceptions/no_such_element.html
Build info: version: '3.0.0', revision: '350cf60', time: '2016-10-13 10:48:57 -0700'
System info: host: 'dmarroquin', ip: '192.168.1.187', os.name: 'Windows 10', os.arch: 'amd64', os.version: '10.0', java.version: '1.8.0_121'
Driver info: org.openqa.selenium.chrome.ChromeDriver
Capabilities [{applicationCacheEnabled=false, rotatable=false, mobileEmulationEnabled=false, networkConnectionEnabled=false, chrome={chromedriverVersion=2.28.455520 (cc17746adff54984afff480136733114c6b3704b), userDataDir=C:\Users\DMARRO~1\AppData\Local\Temp\scoped_dir12108_14145}, takesHeapSnapshot=true, pageLoadStrategy=normal, databaseEnabled=false, handlesAlerts=true, hasTouchScreen=false, version=58.0.3029.81, platform=XP, browserConnectionEnabled=false, nativeEvents=true, acceptSslCerts=true, locationContextEnabled=true, webStorageEnabled=true, browserName=chrome, takesScreenshot=true, javascriptEnabled=true, cssSelectorsEnabled=true, unexpectedAlertBehaviour=}]
Session ID: 93312b8d89ebc3eec6871f7fc0a67eea
*** Element info: {Using=css selector, value=edit-avatar.edit-avatar > div.alert.alert-danger}
	at org.openqa.selenium.remote.ErrorHandler.createThrowable(ErrorHandler.java:216)
	at org.openqa.selenium.remote.ErrorHandler.throwIfResponseFailed(ErrorHandler.java:168)
	at org.openqa.selenium.remote.RemoteWebDriver.execute(RemoteWebDriver.java:635)
	at org.openqa.selenium.remote.RemoteWebDriver.findElement(RemoteWebDriver.java:368)
	at org.openqa.selenium.remote.RemoteWebDriver.findElementByCssSelector(RemoteWebDriver.java:465)
	at org.openqa.selenium.By$ByCssSelector.findElement(By.java:430)
	at org.openqa.selenium.remote.RemoteWebDriver.findElement(RemoteWebDriver.java:360)
	at com.streame.tests.CreateAccountPageTest.verifyFailedAvatar(CreateAccountPageTest.java:164)
... Removed 29 stack frames]]>
    </failure>
  </testcase> <!-- verifyFailedAvatar -->
  <testcase name="verifyPassword" time="4.889" classname="com.streame.tests.CreateAccountPageTest"/>
  <testcase name="verifySuccessAccount" time="8.444" classname="com.streame.tests.CreateAccountPageTest"/>
</testsuite> <!-- Au_Test -->
